build/app/intermediates/manifest_merge_blame_file/release/manifest-merger-blame-release-report.txt
1<?xml version="1.0" encoding="utf-8"?>
2<manifest xmlns:android="http://schemas.android.com/apk/res/android"
3    package="com.inceptrafay.covidtracker"
4    android:versionCode="1"
5    android:versionName="1.0.0" >
6
7    <uses-sdk
8        android:minSdkVersion="16"
8-->src\main\AndroidManifest.xml
9        android:targetSdkVersion="29" />
9-->src\main\AndroidManifest.xml
10    <!--
11         io.flutter.app.FlutterApplication is an android.app.Application that
12         calls FlutterMain.startInitialization(this); in its onCreate method.
13         In most cases you can leave this as-is, but you if you want to provide
14         additional functionality it is fine to subclass or reimplement
15         FlutterApplication and put your custom class here.
16    -->
17    <uses-permission android:name="android.permission.INTERNET" />
17-->src\main\AndroidManifest.xml:8:5-66
17-->src\main\AndroidManifest.xml:8:22-64
18    <uses-permission android:name="android.permission.ACCESS_FINE_LOCATION" />
18-->src\main\AndroidManifest.xml:9:5-10:66
18-->src\main\AndroidManifest.xml:10:9-63
19    <uses-permission android:name="android.permission.ACCESS_COARSE_LOCATION" />
19-->src\main\AndroidManifest.xml:11:5-12:68
19-->src\main\AndroidManifest.xml:12:9-65
20    <!-- Include required permissions for Google Maps API to run. -->
21    <uses-permission android:name="android.permission.ACCESS_NETWORK_STATE" />
21-->[com.google.android.gms:play-services-maps:17.0.0] AndroidManifest.xml:23:5-79
21-->[com.google.android.gms:play-services-maps:17.0.0] AndroidManifest.xml:23:22-76
22
23    <uses-feature
23-->[com.google.android.gms:play-services-maps:17.0.0] AndroidManifest.xml:26:5-28:35
24        android:glEsVersion="0x00020000"
24-->[com.google.android.gms:play-services-maps:17.0.0] AndroidManifest.xml:27:9-41
25        android:required="true" />
25-->[com.google.android.gms:play-services-maps:17.0.0] AndroidManifest.xml:28:9-32
26
27    <application
27-->src\main\AndroidManifest.xml:13:5-56:19
28        android:name="io.flutter.app.FlutterApplication"
28-->src\main\AndroidManifest.xml:14:9-57
29        android:appComponentFactory="androidx.core.app.CoreComponentFactory"
29-->[androidx.core:core:1.3.2] AndroidManifest.xml:24:18-86
30        android:icon="@mipmap/ic_launcher"
30-->src\main\AndroidManifest.xml:16:9-43
31        android:label="MyCovid19" >
31-->src\main\AndroidManifest.xml:15:9-34
32        <meta-data
32-->src\main\AndroidManifest.xml:17:9-18:70
33            android:name="com.google.android.geo.API_KEY"
33-->src\main\AndroidManifest.xml:17:20-65
34            android:value="AIzaSyBJ94EBc59umCRbbatkBDL8LyUCNwZUVyQ" />
34-->src\main\AndroidManifest.xml:18:13-68
35        <meta-data
35-->src\main\AndroidManifest.xml:19:9-21:33
36            android:name="flutterEmbedding"
36-->src\main\AndroidManifest.xml:20:13-44
37            android:value="2" />
37-->src\main\AndroidManifest.xml:21:13-30
38
39        <activity
39-->src\main\AndroidManifest.xml:22:9-50:20
40            android:name="com.inceptrafay.covidtracker.MainActivity"
40-->src\main\AndroidManifest.xml:23:13-41
41            android:configChanges="orientation|keyboardHidden|keyboard|screenSize|smallestScreenSize|locale|layoutDirection|fontScale|screenLayout|density|uiMode"
41-->src\main\AndroidManifest.xml:26:13-163
42            android:hardwareAccelerated="true"
42-->src\main\AndroidManifest.xml:27:13-47
43            android:launchMode="singleTop"
43-->src\main\AndroidManifest.xml:24:13-43
44            android:theme="@style/LaunchTheme"
44-->src\main\AndroidManifest.xml:25:13-47
45            android:windowSoftInputMode="adjustResize" >
45-->src\main\AndroidManifest.xml:28:13-55
46
47            <!--
48                 Specifies an Android theme to apply to this Activity as soon as
49                 the Android process has started. This theme is visible to the user
50                 while the Flutter UI initializes. After that, this theme continues
51                 to determine the Window background behind the Flutter UI.
52            -->
53            <meta-data
53-->src\main\AndroidManifest.xml:33:13-36:17
54                android:name="io.flutter.embedding.android.NormalTheme"
54-->src\main\AndroidManifest.xml:34:15-70
55                android:resource="@style/NormalTheme" />
55-->src\main\AndroidManifest.xml:35:15-52
56            <!--
57                 Displays an Android View that continues showing the launch screen
58                 Drawable until Flutter paints its first frame, then this splash
59                 screen fades out. A splash screen is useful to avoid any visual
60                 gap between the end of Android's launch screen and the painting of
61                 Flutter's first frame.
62            -->
63            <meta-data
63-->src\main\AndroidManifest.xml:42:13-45:17
64                android:name="io.flutter.embedding.android.SplashScreenDrawable"
64-->src\main\AndroidManifest.xml:43:15-79
65                android:resource="@drawable/launch_background" />
65-->src\main\AndroidManifest.xml:44:15-61
66
67            <intent-filter>
67-->src\main\AndroidManifest.xml:46:13-49:29
68                <action android:name="android.intent.action.MAIN" />
68-->src\main\AndroidManifest.xml:47:17-68
68-->src\main\AndroidManifest.xml:47:25-66
69
70                <category android:name="android.intent.category.LAUNCHER" />
70-->src\main\AndroidManifest.xml:48:17-76
70-->src\main\AndroidManifest.xml:48:27-74
71            </intent-filter>
72        </activity>
73        <!--
74             Don't delete the meta-data below.
75             This is used by the Flutter tool to generate GeneratedPluginRegistrant.java
76        -->
77        <meta-data
77-->src\main\AndroidManifest.xml:19:9-21:33
78            android:name="flutterEmbedding"
78-->src\main\AndroidManifest.xml:20:13-44
79            android:value="2" />
79-->src\main\AndroidManifest.xml:21:13-30
80
81        <service
81-->[:location] AndroidManifest.xml:11:9-15:56
82            android:name="com.lyokone.location.FlutterLocationService"
82-->[:location] AndroidManifest.xml:12:13-71
83            android:enabled="true"
83-->[:location] AndroidManifest.xml:13:13-35
84            android:exported="false"
84-->[:location] AndroidManifest.xml:14:13-37
85            android:foregroundServiceType="location" />
85-->[:location] AndroidManifest.xml:15:13-53
86
87        <activity
87-->[:url_launcher] AndroidManifest.xml:8:9-11:74
88            android:name="io.flutter.plugins.urllauncher.WebViewActivity"
88-->[:url_launcher] AndroidManifest.xml:9:13-74
89            android:exported="false"
89-->[:url_launcher] AndroidManifest.xml:10:13-37
90            android:theme="@android:style/Theme.NoTitleBar.Fullscreen" /> <!-- Needs to be explicitly declared on P+ -->
90-->[:url_launcher] AndroidManifest.xml:11:13-71
91        <uses-library
91-->[com.google.android.gms:play-services-maps:17.0.0] AndroidManifest.xml:33:9-35:40
92            android:name="org.apache.http.legacy"
92-->[com.google.android.gms:play-services-maps:17.0.0] AndroidManifest.xml:34:13-50
93            android:required="false" />
93-->[com.google.android.gms:play-services-maps:17.0.0] AndroidManifest.xml:35:13-37
94
95        <activity
95-->[com.google.android.gms:play-services-base:17.0.0] AndroidManifest.xml:23:9-26:75
96            android:name="com.google.android.gms.common.api.GoogleApiActivity"
96-->[com.google.android.gms:play-services-base:17.0.0] AndroidManifest.xml:24:13-79
97            android:exported="false"
97-->[com.google.android.gms:play-services-base:17.0.0] AndroidManifest.xml:25:13-37
98            android:theme="@android:style/Theme.Translucent.NoTitleBar" />
98-->[com.google.android.gms:play-services-base:17.0.0] AndroidManifest.xml:26:13-72
99
100        <meta-data
100-->[com.google.android.gms:play-services-basement:17.0.0] AndroidManifest.xml:23:9-25:69
101            android:name="com.google.android.gms.version"
101-->[com.google.android.gms:play-services-basement:17.0.0] AndroidManifest.xml:24:13-58
102            android:value="@integer/google_play_services_version" />
102-->[com.google.android.gms:play-services-basement:17.0.0] AndroidManifest.xml:25:13-66
103    </application>
104
105</manifest>